Drill report for Bluetooth_receiver.kicad_pcb
Created on Mon Feb 20 23:21:25 2023

Copper Layer Stackup:
    =============================================================
    L1 :  F.Cu                      front
    L2 :  B.Cu                      back


Drill file 'Bluetooth_receiver.drl' contains
    plated through holes:
    =============================================================
    T1  0.200mm  0.0079"  (12 holes)
    T2  0.400mm  0.0157"  (29 holes)
    T3  0.600mm  0.0236"  (4 holes)  (with 4 slots)
    T4  0.900mm  0.0354"  (4 holes)
    T5  0.990mm  0.0390"  (4 holes)
    T6  1.000mm  0.0394"  (14 holes)
    T7  1.300mm  0.0512"  (4 holes)
    T8  1.397mm  0.0550"  (2 holes)
    T9  2.500mm  0.0984"  (2 holes)

    Total plated holes count 75


Not plated through holes are merged with plated holes
    unplated through holes:
    =============================================================
    T10  1.500mm  0.0591"  (2 holes)
    T11  3.200mm  0.1260"  (4 holes)

    Total unplated holes count 6
